Started GET "/" for 127.0.0.1 at 2018-10-08 01:24:40 +0300
  
ActiveRecord::PendingMigrationError (

Migrations are pending. To resolve this issue, run:

        bin/rails db:migrate RAILS_ENV=development

):
  
activerecord (5.2.1) lib/active_record/migration.rb:579:in `check_pending!'
activerecord (5.2.1) lib/active_record/migration.rb:556:in `call'
actionpack (5.2.1) lib/action_dispatch/middleware/callbacks.rb:28:in `block in call'
activesupport (5.2.1) lib/active_support/callbacks.rb:98:in `run_callbacks'
actionpack (5.2.1) lib/action_dispatch/middleware/callbacks.rb:26:in `call'
actionpack (5.2.1) lib/action_dispatch/middleware/executor.rb:14:in `call'
actionpack (5.2.1) lib/action_dispatch/middleware/debug_exceptions.rb:61:in `call'
web-console (3.7.0) lib/web_console/middleware.rb:135:in `call_app'
web-console (3.7.0) lib/web_console/middleware.rb:30:in `block in call'
web-console (3.7.0) lib/web_console/middleware.rb:20:in `catch'
web-console (3.7.0) lib/web_console/middleware.rb:20:in `call'
actionpack (5.2.1) lib/action_dispatch/middleware/show_exceptions.rb:33:in `call'
railties (5.2.1) lib/rails/rack/logger.rb:38:in `call_app'
railties (5.2.1) lib/rails/rack/logger.rb:26:in `block in call'
activesupport (5.2.1) lib/active_support/tagged_logging.rb:71:in `block in tagged'
activesupport (5.2.1) lib/active_support/tagged_logging.rb:28:in `tagged'
activesupport (5.2.1) lib/active_support/tagged_logging.rb:71:in `tagged'
railties (5.2.1) lib/rails/rack/logger.rb:26:in `call'
sprockets-rails (3.2.1) lib/sprockets/rails/quiet_assets.rb:13:in `call'
actionpack (5.2.1) lib/action_dispatch/middleware/remote_ip.rb:81:in `call'
actionpack (5.2.1) lib/action_dispatch/middleware/request_id.rb:27:in `call'
rack (2.0.5) lib/rack/method_override.rb:22:in `call'
rack (2.0.5) lib/rack/runtime.rb:22:in `call'
activesupport (5.2.1) lib/active_support/cache/strategy/local_cache_middleware.rb:29:in `call'
actionpack (5.2.1) lib/action_dispatch/middleware/executor.rb:14:in `call'
actionpack (5.2.1) lib/action_dispatch/middleware/static.rb:127:in `call'
rack (2.0.5) lib/rack/sendfile.rb:111:in `call'
railties (5.2.1) lib/rails/engine.rb:524:in `call'
puma (3.12.0) lib/puma/configuration.rb:225:in `call'
puma (3.12.0) lib/puma/server.rb:658:in `handle_request'
puma (3.12.0) lib/puma/server.rb:472:in `process_client'
puma (3.12.0) lib/puma/server.rb:332:in `block in run'
puma (3.12.0) lib/puma/thread_pool.rb:133:in `block in spawn_thread'
Started GET "/" for 127.0.0.1 at 2018-10-08 01:24:48 +0300
  
ActiveRecord::PendingMigrationError (

Migrations are pending. To resolve this issue, run:

        bin/rails db:migrate RAILS_ENV=development

):
  
activerecord (5.2.1) lib/active_record/migration.rb:579:in `check_pending!'
activerecord (5.2.1) lib/active_record/migration.rb:556:in `call'
actionpack (5.2.1) lib/action_dispatch/middleware/callbacks.rb:28:in `block in call'
activesupport (5.2.1) lib/active_support/callbacks.rb:98:in `run_callbacks'
actionpack (5.2.1) lib/action_dispatch/middleware/callbacks.rb:26:in `call'
actionpack (5.2.1) lib/action_dispatch/middleware/executor.rb:14:in `call'
actionpack (5.2.1) lib/action_dispatch/middleware/debug_exceptions.rb:61:in `call'
web-console (3.7.0) lib/web_console/middleware.rb:135:in `call_app'
web-console (3.7.0) lib/web_console/middleware.rb:30:in `block in call'
web-console (3.7.0) lib/web_console/middleware.rb:20:in `catch'
web-console (3.7.0) lib/web_console/middleware.rb:20:in `call'
actionpack (5.2.1) lib/action_dispatch/middleware/show_exceptions.rb:33:in `call'
railties (5.2.1) lib/rails/rack/logger.rb:38:in `call_app'
railties (5.2.1) lib/rails/rack/logger.rb:26:in `block in call'
activesupport (5.2.1) lib/active_support/tagged_logging.rb:71:in `block in tagged'
activesupport (5.2.1) lib/active_support/tagged_logging.rb:28:in `tagged'
activesupport (5.2.1) lib/active_support/tagged_logging.rb:71:in `tagged'
railties (5.2.1) lib/rails/rack/logger.rb:26:in `call'
sprockets-rails (3.2.1) lib/sprockets/rails/quiet_assets.rb:13:in `call'
actionpack (5.2.1) lib/action_dispatch/middleware/remote_ip.rb:81:in `call'
actionpack (5.2.1) lib/action_dispatch/middleware/request_id.rb:27:in `call'
rack (2.0.5) lib/rack/method_override.rb:22:in `call'
rack (2.0.5) lib/rack/runtime.rb:22:in `call'
activesupport (5.2.1) lib/active_support/cache/strategy/local_cache_middleware.rb:29:in `call'
actionpack (5.2.1) lib/action_dispatch/middleware/executor.rb:14:in `call'
actionpack (5.2.1) lib/action_dispatch/middleware/static.rb:127:in `call'
rack (2.0.5) lib/rack/sendfile.rb:111:in `call'
railties (5.2.1) lib/rails/engine.rb:524:in `call'
puma (3.12.0) lib/puma/configuration.rb:225:in `call'
puma (3.12.0) lib/puma/server.rb:658:in `handle_request'
puma (3.12.0) lib/puma/server.rb:472:in `process_client'
puma (3.12.0) lib/puma/server.rb:332:in `block in run'
puma (3.12.0) lib/puma/thread_pool.rb:133:in `block in spawn_thread'
  [1m[35m (0.1ms)[0m  [1m[34mSELECT sqlite_version(*)[0m
  ↳ /usr/lib/ruby/vendor_ruby/rake/task.rb:271
  [1m[35m (7.3ms)[0m  [1m[35mCREATE TABLE "schema_migrations" ("version" varchar NOT NULL PRIMARY KEY)[0m
  ↳ /usr/lib/ruby/vendor_ruby/rake/task.rb:271
  [1m[35m (4.2ms)[0m  [1m[35mCREATE TABLE "ar_internal_metadata" ("key" varchar NOT NULL PRIMARY KEY, "value" varchar, "created_at" datetime NOT NULL, "updated_at" datetime NOT NULL)[0m
  ↳ /usr/lib/ruby/vendor_ruby/rake/task.rb:271
  [1m[35m (0.2ms)[0m  [1m[34mSELECT "schema_migrations"."version" FROM "schema_migrations" ORDER BY "schema_migrations"."version" ASC[0m
  ↳ /usr/lib/ruby/vendor_ruby/rake/task.rb:271
Migrating to CreateArticles (20180911233239)
  [1m[35m (0.1ms)[0m  [1m[36mbegin transaction[0m
  ↳ /usr/lib/ruby/vendor_ruby/rake/task.rb:271
  [1m[35m (0.6ms)[0m  [1m[35mCREATE TABLE "articles" ("id" integer PRIMARY KEY AUTOINCREMENT NOT NULL, "title" varchar, "text" text, "created_at" datetime NOT NULL, "updated_at" datetime NOT NULL)[0m
  ↳ db/migrate/20180911233239_create_articles.rb:3
  [1m[36mActiveRecord::SchemaMigration Create (0.3ms)[0m  [1m[32mINSERT INTO "schema_migrations" ("version") VALUES (?)[0m  [["version", "20180911233239"]]
  ↳ /usr/lib/ruby/vendor_ruby/rake/task.rb:271
  [1m[35m (23.4ms)[0m  [1m[36mcommit transaction[0m
  ↳ /usr/lib/ruby/vendor_ruby/rake/task.rb:271
Migrating to CreateComments (20180918053350)
  [1m[35m (0.0ms)[0m  [1m[36mbegin transaction[0m
  ↳ /usr/lib/ruby/vendor_ruby/rake/task.rb:271
  [1m[35m (0.2ms)[0m  [1m[35mCREATE TABLE "comments" ("id" integer PRIMARY KEY AUTOINCREMENT NOT NULL, "commenter" varchar, "body" text, "article_id" integer, "created_at" datetime NOT NULL, "updated_at" datetime NOT NULL, CONSTRAINT "fk_rails_3bf61a60d3"
FOREIGN KEY ("article_id")
  REFERENCES "articles" ("id")
)[0m
  ↳ db/migrate/20180918053350_create_comments.rb:3
  [1m[35m (0.1ms)[0m  [1m[35mCREATE  INDEX "index_comments_on_article_id" ON "comments" ("article_id")[0m
  ↳ db/migrate/20180918053350_create_comments.rb:3
  [1m[36mActiveRecord::SchemaMigration Create (0.1ms)[0m  [1m[32mINSERT INTO "schema_migrations" ("version") VALUES (?)[0m  [["version", "20180918053350"]]
  ↳ /usr/lib/ruby/vendor_ruby/rake/task.rb:271
  [1m[35m (7.3ms)[0m  [1m[36mcommit transaction[0m
  ↳ /usr/lib/ruby/vendor_ruby/rake/task.rb:271
  [1m[36mActiveRecord::InternalMetadata Load (0.2ms)[0m  [1m[34mSELECT  "ar_internal_metadata".* FROM "ar_internal_metadata" WHERE "ar_internal_metadata"."key" = ? LIMIT ?[0m  [["key", "environment"], ["LIMIT", 1]]
  ↳ /usr/lib/ruby/vendor_ruby/rake/task.rb:271
  [1m[35m (0.1ms)[0m  [1m[36mbegin transaction[0m
  ↳ /usr/lib/ruby/vendor_ruby/rake/task.rb:271
  [1m[36mActiveRecord::InternalMetadata Create (0.3ms)[0m  [1m[32mINSERT INTO "ar_internal_metadata" ("key", "value", "created_at", "updated_at") VALUES (?, ?, ?, ?)[0m  [["key", "environment"], ["value", "development"], ["created_at", "2018-10-07 22:28:40.948851"], ["updated_at", "2018-10-07 22:28:40.948851"]]
  ↳ /usr/lib/ruby/vendor_ruby/rake/task.rb:271
  [1m[35m (2.7ms)[0m  [1m[36mcommit transaction[0m
  ↳ /usr/lib/ruby/vendor_ruby/rake/task.rb:271
  [1m[35m (0.1ms)[0m  [1m[34mSELECT "schema_migrations"."version" FROM "schema_migrations" ORDER BY "schema_migrations"."version" ASC[0m
  ↳ /usr/lib/ruby/vendor_ruby/rake/task.rb:271
Started GET "/" for 127.0.0.1 at 2018-10-08 01:28:57 +0300
  [1m[35m (0.1ms)[0m  [1m[34mSELECT "schema_migrations"."version" FROM "schema_migrations" ORDER BY "schema_migrations"."version" ASC[0m
  ↳ /var/lib/gems/2.5.0/gems/activerecord-5.2.1/lib/active_record/log_subscriber.rb:98
Processing by WelcomeController#index as HTML
  Rendering welcome/index.html.erb within layouts/application
  Rendered welcome/index.html.erb within layouts/application (1.4ms)
Completed 200 OK in 847ms (Views: 839.7ms | ActiveRecord: 0.0ms)


Started GET "/articles" for 127.0.0.1 at 2018-10-08 01:29:00 +0300
Processing by ArticlesController#index as HTML
  Rendering articles/index.html.erb within layouts/application
  [1m[36mArticle Load (0.2ms)[0m  [1m[34mSELECT "articles".* FROM "articles"[0m
  ↳ app/views/articles/index.html.erb:12
  Rendered articles/index.html.erb within layouts/application (3.0ms)
Completed 200 OK in 38ms (Views: 28.6ms | ActiveRecord: 0.5ms)


Started GET "/articles/new" for 127.0.0.1 at 2018-10-08 01:29:02 +0300
Processing by ArticlesController#new as HTML
  Rendering articles/new.html.erb within layouts/application
  Rendered articles/_form.html.erb (37.0ms)
  Rendered articles/new.html.erb within layouts/application (38.1ms)
Completed 200 OK in 63ms (Views: 56.5ms | ActiveRecord: 0.4ms)


Started POST "/articles" for 127.0.0.1 at 2018-10-08 01:29:09 +0300
Processing by ArticlesController#create as HTML
  Parameters: {"utf8"=>"✓", "authenticity_token"=>"nvwunINo7IJeK6tYGwQaS/UcqF4wLkrT8n3EvD6cT2zGok8If62rSr7HCYaxNj+ROnXu8mK1SfrYK25+UkuuIw==", "article"=>{"title"=>"asd", "text"=>"asdasd"}, "commit"=>"Create Article"}
  [1m[35m (0.1ms)[0m  [1m[36mbegin transaction[0m
  ↳ app/controllers/articles_controller.rb:28
  [1m[35m (0.1ms)[0m  [1m[31mrollback transaction[0m
  ↳ app/controllers/articles_controller.rb:28
  Rendering articles/new.html.erb within layouts/application
  Rendered articles/_form.html.erb (1.8ms)
  Rendered articles/new.html.erb within layouts/application (2.8ms)
Completed 200 OK in 23ms (Views: 18.2ms | ActiveRecord: 0.2ms)


Started POST "/articles" for 127.0.0.1 at 2018-10-08 01:29:21 +0300
Processing by ArticlesController#create as HTML
  Parameters: {"utf8"=>"✓", "authenticity_token"=>"PYXw9e1NXjvNqDalbLFt5D+H7Efbq7Nrv6zMskXEpdS3t+chOVA/HZTjPn84/4o4sj12sLWyLDsS8KIGjAuoKw==", "article"=>{"title"=>"SELAM", "text"=>"sasasa"}, "commit"=>"Create Article"}
  [1m[35m (0.1ms)[0m  [1m[36mbegin transaction[0m
  ↳ app/controllers/articles_controller.rb:28
  [1m[36mArticle Create (2.2ms)[0m  [1m[32mINSERT INTO "articles" ("title", "text", "created_at", "updated_at") VALUES (?, ?, ?, ?)[0m  [["title", "SELAM"], ["text", "sasasa"], ["created_at", "2018-10-07 22:29:21.555603"], ["updated_at", "2018-10-07 22:29:21.555603"]]
  ↳ app/controllers/articles_controller.rb:28
  [1m[35m (15.4ms)[0m  [1m[36mcommit transaction[0m
  ↳ app/controllers/articles_controller.rb:28
Redirected to http://localhost:3000/articles/1
Completed 302 Found in 23ms (ActiveRecord: 17.7ms)


Started GET "/articles/1" for 127.0.0.1 at 2018-10-08 01:29:21 +0300
Processing by ArticlesController#show as HTML
  Parameters: {"id"=>"1"}
  [1m[36mArticle Load (0.2ms)[0m  [1m[34mSELECT  "articles".* FROM "articles" WHERE "articles"."id" = ? LIMIT ?[0m  [["id", 1], ["LIMIT", 1]]
  ↳ app/controllers/articles_controller.rb:18
  Rendering articles/show.html.erb within layouts/application
  Rendered articles/show.html.erb within layouts/application (0.6ms)
Completed 200 OK in 41ms (Views: 34.7ms | ActiveRecord: 0.2ms)


Started GET "/articles" for 127.0.0.1 at 2018-10-08 01:29:24 +0300
Processing by ArticlesController#index as HTML
  Rendering articles/index.html.erb within layouts/application
  [1m[36mArticle Load (0.2ms)[0m  [1m[34mSELECT "articles".* FROM "articles"[0m
  ↳ app/views/articles/index.html.erb:12
  Rendered articles/index.html.erb within layouts/application (1.8ms)
Completed 200 OK in 35ms (Views: 33.3ms | ActiveRecord: 0.2ms)


Started GET "/articles/1" for 127.0.0.1 at 2018-10-08 01:29:26 +0300
Processing by ArticlesController#show as HTML
  Parameters: {"id"=>"1"}
  [1m[36mArticle Load (0.1ms)[0m  [1m[34mSELECT  "articles".* FROM "articles" WHERE "articles"."id" = ? LIMIT ?[0m  [["id", 1], ["LIMIT", 1]]
  ↳ app/controllers/articles_controller.rb:18
  Rendering articles/show.html.erb within layouts/application
  Rendered articles/show.html.erb within layouts/application (0.8ms)
Completed 200 OK in 24ms (Views: 22.5ms | ActiveRecord: 0.1ms)


Started GET "/articles" for 127.0.0.1 at 2018-10-08 01:29:27 +0300
Processing by ArticlesController#index as HTML
  Rendering articles/index.html.erb within layouts/application
  [1m[36mArticle Load (0.2ms)[0m  [1m[34mSELECT "articles".* FROM "articles"[0m
  ↳ app/views/articles/index.html.erb:12
  Rendered articles/index.html.erb within layouts/application (1.9ms)
Completed 200 OK in 35ms (Views: 33.8ms | ActiveRecord: 0.2ms)


Started GET "/articles/new" for 127.0.0.1 at 2018-10-08 01:29:29 +0300
Processing by ArticlesController#new as HTML
  Rendering articles/new.html.erb within layouts/application
  Rendered articles/_form.html.erb (2.1ms)
  Rendered articles/new.html.erb within layouts/application (3.6ms)
Completed 200 OK in 33ms (Views: 32.3ms | ActiveRecord: 0.0ms)


Started POST "/articles" for 127.0.0.1 at 2018-10-08 01:29:35 +0300
Processing by ArticlesController#create as HTML
  Parameters: {"utf8"=>"✓", "authenticity_token"=>"ZSIFiHbXRMD0LpS7MZvgkqYM0ado/Q6sHQ5PapE6R/09fGQcihIDCBTCNmWbqcVIaWWXCzpmDYU3WOWo/e2msg==", "article"=>{"title"=>"babbabab", "text"=>"asdasdasdasü\r\n"}, "commit"=>"Create Article"}
  [1m[35m (0.0ms)[0m  [1m[36mbegin transaction[0m
  ↳ app/controllers/articles_controller.rb:28
  [1m[36mArticle Create (6.9ms)[0m  [1m[32mINSERT INTO "articles" ("title", "text", "created_at", "updated_at") VALUES (?, ?, ?, ?)[0m  [["title", "babbabab"], ["text", "asdasdasdasü\r\n"], ["created_at", "2018-10-07 22:29:35.257903"], ["updated_at", "2018-10-07 22:29:35.257903"]]
  ↳ app/controllers/articles_controller.rb:28
  [1m[35m (2.9ms)[0m  [1m[36mcommit transaction[0m
  ↳ app/controllers/articles_controller.rb:28
Redirected to http://localhost:3000/articles/2
Completed 302 Found in 14ms (ActiveRecord: 9.8ms)


Started GET "/articles/2" for 127.0.0.1 at 2018-10-08 01:29:35 +0300
Processing by ArticlesController#show as HTML
  Parameters: {"id"=>"2"}
  [1m[36mArticle Load (0.1ms)[0m  [1m[34mSELECT  "articles".* FROM "articles" WHERE "articles"."id" = ? LIMIT ?[0m  [["id", 2], ["LIMIT", 1]]
  ↳ app/controllers/articles_controller.rb:18
  Rendering articles/show.html.erb within layouts/application
  Rendered articles/show.html.erb within layouts/application (0.6ms)
Completed 200 OK in 19ms (Views: 16.8ms | ActiveRecord: 0.1ms)


Started GET "/articles" for 127.0.0.1 at 2018-10-08 01:29:36 +0300
Processing by ArticlesController#index as HTML
  Rendering articles/index.html.erb within layouts/application
  [1m[36mArticle Load (0.2ms)[0m  [1m[34mSELECT "articles".* FROM "articles"[0m
  ↳ app/views/articles/index.html.erb:12
  Rendered articles/index.html.erb within layouts/application (1.8ms)
Completed 200 OK in 25ms (Views: 23.5ms | ActiveRecord: 0.2ms)


Started GET "/articles/1" for 127.0.0.1 at 2018-10-08 01:29:39 +0300
Processing by ArticlesController#show as HTML
  Parameters: {"id"=>"1"}
  [1m[36mArticle Load (0.1ms)[0m  [1m[34mSELECT  "articles".* FROM "articles" WHERE "articles"."id" = ? LIMIT ?[0m  [["id", 1], ["LIMIT", 1]]
  ↳ app/controllers/articles_controller.rb:18
  Rendering articles/show.html.erb within layouts/application
  Rendered articles/show.html.erb within layouts/application (0.8ms)
Completed 200 OK in 30ms (Views: 28.8ms | ActiveRecord: 0.1ms)


Started GET "/articles" for 127.0.0.1 at 2018-10-08 01:29:40 +0300
Processing by ArticlesController#index as HTML
  Rendering articles/index.html.erb within layouts/application
  [1m[36mArticle Load (0.2ms)[0m  [1m[34mSELECT "articles".* FROM "articles"[0m
  ↳ app/views/articles/index.html.erb:12
  Rendered articles/index.html.erb within layouts/application (3.1ms)
Completed 200 OK in 38ms (Views: 36.9ms | ActiveRecord: 0.2ms)


Started GET "/articles/1/edit" for 127.0.0.1 at 2018-10-08 01:29:40 +0300
Processing by ArticlesController#edit as HTML
  Parameters: {"id"=>"1"}
  [1m[36mArticle Load (0.1ms)[0m  [1m[34mSELECT  "articles".* FROM "articles" WHERE "articles"."id" = ? LIMIT ?[0m  [["id", 1], ["LIMIT", 1]]
  ↳ app/controllers/articles_controller.rb:22
  Rendering articles/edit.html.erb within layouts/application
  Rendered articles/_form.html.erb (3.3ms)
  Rendered articles/edit.html.erb within layouts/application (4.9ms)
Completed 200 OK in 25ms (Views: 23.4ms | ActiveRecord: 0.1ms)


Started GET "/articles" for 127.0.0.1 at 2018-10-08 01:29:41 +0300
Processing by ArticlesController#index as HTML
  Rendering articles/index.html.erb within layouts/application
  [1m[36mArticle Load (0.2ms)[0m  [1m[34mSELECT "articles".* FROM "articles"[0m
  ↳ app/views/articles/index.html.erb:12
  Rendered articles/index.html.erb within layouts/application (3.8ms)
Completed 200 OK in 24ms (Views: 22.4ms | ActiveRecord: 0.2ms)


Started DELETE "/articles/2" for 127.0.0.1 at 2018-10-08 01:29:44 +0300
Processing by ArticlesController#destroy as HTML
  Parameters: {"authenticity_token"=>"4Hgiw1s/FhyYZ29ELrwev3PpYTHPtL/x+WsjUPROVDhqSjUXjyJ3OsEsZ5568vlj/lP7xqGtIKFUN03kPYFZxw==", "id"=>"2"}
  [1m[36mArticle Load (0.1ms)[0m  [1m[34mSELECT  "articles".* FROM "articles" WHERE "articles"."id" = ? LIMIT ?[0m  [["id", 2], ["LIMIT", 1]]
  ↳ app/controllers/articles_controller.rb:7
  [1m[35m (0.0ms)[0m  [1m[36mbegin transaction[0m
  ↳ app/controllers/articles_controller.rb:8
  [1m[36mArticle Destroy (0.6ms)[0m  [1m[31mDELETE FROM "articles" WHERE "articles"."id" = ?[0m  [["id", 2]]
  ↳ app/controllers/articles_controller.rb:8
  [1m[35m (6.6ms)[0m  [1m[36mcommit transaction[0m
  ↳ app/controllers/articles_controller.rb:8
Redirected to http://localhost:3000/articles
Completed 302 Found in 10ms (ActiveRecord: 7.3ms)


Started GET "/articles" for 127.0.0.1 at 2018-10-08 01:29:45 +0300
Processing by ArticlesController#index as HTML
  Rendering articles/index.html.erb within layouts/application
  [1m[36mArticle Load (0.1ms)[0m  [1m[34mSELECT "articles".* FROM "articles"[0m
  ↳ app/views/articles/index.html.erb:12
  Rendered articles/index.html.erb within layouts/application (1.6ms)
Completed 200 OK in 21ms (Views: 19.5ms | ActiveRecord: 0.1ms)


Started GET "/articles" for 127.0.0.1 at 2018-10-08 01:33:56 +0300
Processing by ArticlesController#index as HTML
  Rendering articles/index.html.erb within layouts/application
  [1m[36mArticle Load (0.2ms)[0m  [1m[34mSELECT "articles".* FROM "articles"[0m
  ↳ app/views/articles/index.html.erb:12
  Rendered articles/index.html.erb within layouts/application (7.9ms)
Completed 200 OK in 69ms (Views: 65.4ms | ActiveRecord: 0.7ms)


Started GET "/articles/1" for 127.0.0.1 at 2018-10-08 01:34:00 +0300
Processing by ArticlesController#show as HTML
  Parameters: {"id"=>"1"}
  [1m[36mArticle Load (0.2ms)[0m  [1m[34mSELECT  "articles".* FROM "articles" WHERE "articles"."id" = ? LIMIT ?[0m  [["id", 1], ["LIMIT", 1]]
  ↳ app/controllers/articles_controller.rb:18
  Rendering articles/show.html.erb within layouts/application
  [1m[36mComment Load (0.1ms)[0m  [1m[34mSELECT "comments".* FROM "comments" WHERE "comments"."article_id" = ?[0m  [["article_id", 1]]
  ↳ app/views/articles/show.html.erb:12
  Rendered articles/show.html.erb within layouts/application (40.1ms)
Completed 200 OK in 62ms (Views: 58.8ms | ActiveRecord: 1.2ms)


Started POST "/articles/1/comments" for 127.0.0.1 at 2018-10-08 01:34:06 +0300
Processing by CommentsController#create as HTML
  Parameters: {"utf8"=>"✓", "authenticity_token"=>"+Q8NgcoRhRlsgnnNcIcg6NktcdcoUzOAKwU1we8289hrkXH06Dpqb7TNAMxNg2wlEA5JXQ6O5jUWdVT3xdm3gA==", "comment"=>{"commenter"=>"selam", "body"=>"asdadsda"}, "commit"=>"Create Comment", "article_id"=>"1"}
  [1m[36mArticle Load (0.1ms)[0m  [1m[34mSELECT  "articles".* FROM "articles" WHERE "articles"."id" = ? LIMIT ?[0m  [["id", 1], ["LIMIT", 1]]
  ↳ app/controllers/comments_controller.rb:3
  [1m[35m (0.1ms)[0m  [1m[36mbegin transaction[0m
  ↳ app/controllers/comments_controller.rb:4
  [1m[36mComment Create (7.9ms)[0m  [1m[32mINSERT INTO "comments" ("commenter", "body", "article_id", "created_at", "updated_at") VALUES (?, ?, ?, ?, ?)[0m  [["commenter", "selam"], ["body", "asdadsda"], ["article_id", 1], ["created_at", "2018-10-07 22:34:06.592824"], ["updated_at", "2018-10-07 22:34:06.592824"]]
  ↳ app/controllers/comments_controller.rb:4
  [1m[35m (10.0ms)[0m  [1m[36mcommit transaction[0m
  ↳ app/controllers/comments_controller.rb:4
Redirected to http://localhost:3000/articles/1
Completed 302 Found in 25ms (ActiveRecord: 18.1ms)


Started GET "/articles/1" for 127.0.0.1 at 2018-10-08 01:34:06 +0300
Processing by ArticlesController#show as HTML
  Parameters: {"id"=>"1"}
  [1m[36mArticle Load (0.1ms)[0m  [1m[34mSELECT  "articles".* FROM "articles" WHERE "articles"."id" = ? LIMIT ?[0m  [["id", 1], ["LIMIT", 1]]
  ↳ app/controllers/articles_controller.rb:18
  Rendering articles/show.html.erb within layouts/application
  [1m[36mComment Load (0.1ms)[0m  [1m[34mSELECT "comments".* FROM "comments" WHERE "comments"."article_id" = ?[0m  [["article_id", 1]]
  ↳ app/views/articles/show.html.erb:12
  Rendered articles/show.html.erb within layouts/application (3.7ms)
Completed 200 OK in 25ms (Views: 22.9ms | ActiveRecord: 0.2ms)


Started POST "/articles/1/comments" for 127.0.0.1 at 2018-10-08 01:34:17 +0300
Processing by CommentsController#create as HTML
  Parameters: {"utf8"=>"✓", "authenticity_token"=>"NSbaNCXUH7H6lvnlfxH5g5tcWMdEAvGNx2Qv5mMkRPi/FM3g8cl+l6Pd8T8rXx5fFubCMCobbt1qOEFSqutJBw==", "comment"=>{"commenter"=>"abbas", "body"=>"sdasad\r\n\r\n"}, "commit"=>"Create Comment", "article_id"=>"1"}
  [1m[36mArticle Load (0.1ms)[0m  [1m[34mSELECT  "articles".* FROM "articles" WHERE "articles"."id" = ? LIMIT ?[0m  [["id", 1], ["LIMIT", 1]]
  ↳ app/controllers/comments_controller.rb:3
  [1m[35m (0.1ms)[0m  [1m[36mbegin transaction[0m
  ↳ app/controllers/comments_controller.rb:4
  [1m[36mComment Create (0.4ms)[0m  [1m[32mINSERT INTO "comments" ("commenter", "body", "article_id", "created_at", "updated_at") VALUES (?, ?, ?, ?, ?)[0m  [["commenter", "abbas"], ["body", "sdasad\r\n\r\n"], ["article_id", 1], ["created_at", "2018-10-07 22:34:17.584284"], ["updated_at", "2018-10-07 22:34:17.584284"]]
  ↳ app/controllers/comments_controller.rb:4
  [1m[35m (15.6ms)[0m  [1m[36mcommit transaction[0m
  ↳ app/controllers/comments_controller.rb:4
Redirected to http://localhost:3000/articles/1
Completed 302 Found in 20ms (ActiveRecord: 16.2ms)


Started GET "/articles/1" for 127.0.0.1 at 2018-10-08 01:34:17 +0300
Processing by ArticlesController#show as HTML
  Parameters: {"id"=>"1"}
  [1m[36mArticle Load (0.1ms)[0m  [1m[34mSELECT  "articles".* FROM "articles" WHERE "articles"."id" = ? LIMIT ?[0m  [["id", 1], ["LIMIT", 1]]
  ↳ app/controllers/articles_controller.rb:18
  Rendering articles/show.html.erb within layouts/application
  [1m[36mComment Load (0.1ms)[0m  [1m[34mSELECT "comments".* FROM "comments" WHERE "comments"."article_id" = ?[0m  [["article_id", 1]]
  ↳ app/views/articles/show.html.erb:12
  Rendered articles/show.html.erb within layouts/application (6.0ms)
Completed 200 OK in 31ms (Views: 28.9ms | ActiveRecord: 0.2ms)


Started GET "/articles" for 127.0.0.1 at 2018-10-08 01:34:22 +0300
Processing by ArticlesController#index as HTML
  Rendering articles/index.html.erb within layouts/application
  [1m[36mArticle Load (0.2ms)[0m  [1m[34mSELECT "articles".* FROM "articles"[0m
  ↳ app/views/articles/index.html.erb:12
  Rendered articles/index.html.erb within layouts/application (1.8ms)
Completed 200 OK in 24ms (Views: 23.0ms | ActiveRecord: 0.2ms)


Started GET "/articles/1" for 127.0.0.1 at 2018-10-08 01:34:23 +0300
Processing by ArticlesController#show as HTML
  Parameters: {"id"=>"1"}
  [1m[36mArticle Load (0.1ms)[0m  [1m[34mSELECT  "articles".* FROM "articles" WHERE "articles"."id" = ? LIMIT ?[0m  [["id", 1], ["LIMIT", 1]]
  ↳ app/controllers/articles_controller.rb:18
  Rendering articles/show.html.erb within layouts/application
  [1m[36mComment Load (0.1ms)[0m  [1m[34mSELECT "comments".* FROM "comments" WHERE "comments"."article_id" = ?[0m  [["article_id", 1]]
  ↳ app/views/articles/show.html.erb:12
  Rendered articles/show.html.erb within layouts/application (4.4ms)
Completed 200 OK in 38ms (Views: 36.6ms | ActiveRecord: 0.2ms)


Started GET "/articles/1" for 127.0.0.1 at 2018-10-08 01:36:26 +0300
Processing by ArticlesController#show as HTML
  Parameters: {"id"=>"1"}
  [1m[36mArticle Load (0.1ms)[0m  [1m[34mSELECT  "articles".* FROM "articles" WHERE "articles"."id" = ? LIMIT ?[0m  [["id", 1], ["LIMIT", 1]]
  ↳ app/controllers/articles_controller.rb:18
  Rendering articles/show.html.erb within layouts/application
  [1m[36mComment Load (0.1ms)[0m  [1m[34mSELECT "comments".* FROM "comments" WHERE "comments"."article_id" = ?[0m  [["article_id", 1]]
  ↳ app/views/articles/show.html.erb:12
  Rendered collection of comments/_comment.html.erb [2 times] (0.4ms)
  Rendered articles/show.html.erb within layouts/application (5.5ms)
Completed 200 OK in 30ms (Views: 28.4ms | ActiveRecord: 0.2ms)


Started GET "/articles" for 127.0.0.1 at 2018-10-08 01:36:27 +0300
Processing by ArticlesController#index as HTML
  Rendering articles/index.html.erb within layouts/application
  [1m[36mArticle Load (0.3ms)[0m  [1m[34mSELECT "articles".* FROM "articles"[0m
  ↳ app/views/articles/index.html.erb:12
  Rendered articles/index.html.erb within layouts/application (2.1ms)
Completed 200 OK in 36ms (Views: 34.1ms | ActiveRecord: 0.3ms)


Started GET "/articles/new" for 127.0.0.1 at 2018-10-08 01:36:34 +0300
Processing by ArticlesController#new as HTML
  Rendering articles/new.html.erb within layouts/application
  Rendered articles/_form.html.erb (1.9ms)
  Rendered articles/new.html.erb within layouts/application (3.2ms)
Completed 200 OK in 33ms (Views: 31.5ms | ActiveRecord: 0.0ms)


Started GET "/articles" for 127.0.0.1 at 2018-10-08 01:36:35 +0300
Processing by ArticlesController#index as HTML
  Rendering articles/index.html.erb within layouts/application
  [1m[36mArticle Load (0.1ms)[0m  [1m[34mSELECT "articles".* FROM "articles"[0m
  ↳ app/views/articles/index.html.erb:12
  Rendered articles/index.html.erb within layouts/application (2.3ms)
Completed 200 OK in 30ms (Views: 28.8ms | ActiveRecord: 0.1ms)


Started GET "/articles" for 127.0.0.1 at 2018-10-08 01:37:23 +0300
Processing by ArticlesController#index as HTML
  Rendering articles/index.html.erb within layouts/application
  [1m[36mArticle Load (0.1ms)[0m  [1m[34mSELECT "articles".* FROM "articles"[0m
  ↳ app/views/articles/index.html.erb:12
  Rendered articles/index.html.erb within layouts/application (1.5ms)
Completed 200 OK in 21ms (Views: 19.5ms | ActiveRecord: 0.1ms)


Started GET "/articles/1" for 127.0.0.1 at 2018-10-08 01:37:24 +0300
Processing by ArticlesController#show as HTML
  Parameters: {"id"=>"1"}
  [1m[36mArticle Load (0.1ms)[0m  [1m[34mSELECT  "articles".* FROM "articles" WHERE "articles"."id" = ? LIMIT ?[0m  [["id", 1], ["LIMIT", 1]]
  ↳ app/controllers/articles_controller.rb:18
  Rendering articles/show.html.erb within layouts/application
  [1m[36mComment Load (0.1ms)[0m  [1m[34mSELECT "comments".* FROM "comments" WHERE "comments"."article_id" = ?[0m  [["article_id", 1]]
  ↳ app/views/articles/show.html.erb:13
  Rendered collection of comments/_comment.html.erb [2 times] (0.5ms)
  Rendered comments/_form.html.erb (1.9ms)
  Rendered articles/show.html.erb within layouts/application (6.6ms)
Completed 200 OK in 34ms (Views: 31.7ms | ActiveRecord: 0.2ms)


Started GET "/articles" for 127.0.0.1 at 2018-10-08 01:37:28 +0300
Processing by ArticlesController#index as HTML
  Rendering articles/index.html.erb within layouts/application
  [1m[36mArticle Load (0.2ms)[0m  [1m[34mSELECT "articles".* FROM "articles"[0m
  ↳ app/views/articles/index.html.erb:12
  Rendered articles/index.html.erb within layouts/application (2.0ms)
Completed 200 OK in 25ms (Views: 23.2ms | ActiveRecord: 0.2ms)


Started GET "/articles/new" for 127.0.0.1 at 2018-10-08 01:37:30 +0300
Processing by ArticlesController#new as HTML
  Rendering articles/new.html.erb within layouts/application
  Rendered articles/_form.html.erb (4.9ms)
  Rendered articles/new.html.erb within layouts/application (6.9ms)
Completed 200 OK in 37ms (Views: 35.2ms | ActiveRecord: 0.0ms)


Started POST "/articles" for 127.0.0.1 at 2018-10-08 01:37:33 +0300
Processing by ArticlesController#create as HTML
  Parameters: {"utf8"=>"✓", "authenticity_token"=>"Yzv5csmhASE5wHCaC1rs/2R+o7maEzoiuym2/FLR5ug7ZZjmNWRG6dks0kShaMklqxflFciIOQuRfxw+PgYHpw==", "article"=>{"title"=>"sdasdasdasd", "text"=>"adasdadadadaa"}, "commit"=>"Create Article"}
  [1m[35m (0.1ms)[0m  [1m[36mbegin transaction[0m
  ↳ app/controllers/articles_controller.rb:28
  [1m[36mArticle Create (6.4ms)[0m  [1m[32mINSERT INTO "articles" ("title", "text", "created_at", "updated_at") VALUES (?, ?, ?, ?)[0m  [["title", "sdasdasdasd"], ["text", "adasdadadadaa"], ["created_at", "2018-10-07 22:37:33.570710"], ["updated_at", "2018-10-07 22:37:33.570710"]]
  ↳ app/controllers/articles_controller.rb:28
  [1m[35m (4.8ms)[0m  [1m[36mcommit transaction[0m
  ↳ app/controllers/articles_controller.rb:28
Redirected to http://localhost:3000/articles/3
Completed 302 Found in 16ms (ActiveRecord: 11.2ms)


Started GET "/articles/3" for 127.0.0.1 at 2018-10-08 01:37:33 +0300
Processing by ArticlesController#show as HTML
  Parameters: {"id"=>"3"}
  [1m[36mArticle Load (0.1ms)[0m  [1m[34mSELECT  "articles".* FROM "articles" WHERE "articles"."id" = ? LIMIT ?[0m  [["id", 3], ["LIMIT", 1]]
  ↳ app/controllers/articles_controller.rb:18
  Rendering articles/show.html.erb within layouts/application
  [1m[36mComment Load (0.1ms)[0m  [1m[34mSELECT "comments".* FROM "comments" WHERE "comments"."article_id" = ?[0m  [["article_id", 3]]
  ↳ app/views/articles/show.html.erb:13
  Rendered collection of templates [0 times] (0.0ms)
  Rendered comments/_form.html.erb (1.9ms)
  Rendered articles/show.html.erb within layouts/application (13.2ms)
Completed 200 OK in 56ms (Views: 54.1ms | ActiveRecord: 0.2ms)


Started POST "/articles/3/comments" for 127.0.0.1 at 2018-10-08 01:37:37 +0300
Processing by CommentsController#create as HTML
  Parameters: {"utf8"=>"✓", "authenticity_token"=>"w9n4oRl8p97exFp7e9cgBg/MfJSHG/Zrxqubot4qphNJ6+91zWHG+IePUqEvmcfagnbmY+kCaTtr9/UWF+Wr7A==", "comment"=>{"commenter"=>"asdadadad", "body"=>"sasdasd"}, "commit"=>"Create Comment", "article_id"=>"3"}
  [1m[36mArticle Load (0.1ms)[0m  [1m[34mSELECT  "articles".* FROM "articles" WHERE "articles"."id" = ? LIMIT ?[0m  [["id", 3], ["LIMIT", 1]]
  ↳ app/controllers/comments_controller.rb:3
  [1m[35m (0.1ms)[0m  [1m[36mbegin transaction[0m
  ↳ app/controllers/comments_controller.rb:4
  [1m[36mComment Create (8.1ms)[0m  [1m[32mINSERT INTO "comments" ("commenter", "body", "article_id", "created_at", "updated_at") VALUES (?, ?, ?, ?, ?)[0m  [["commenter", "asdadadad"], ["body", "sasdasd"], ["article_id", 3], ["created_at", "2018-10-07 22:37:37.010593"], ["updated_at", "2018-10-07 22:37:37.010593"]]
  ↳ app/controllers/comments_controller.rb:4
  [1m[35m (12.0ms)[0m  [1m[36mcommit transaction[0m
  ↳ app/controllers/comments_controller.rb:4
Redirected to http://localhost:3000/articles/3
Completed 302 Found in 25ms (ActiveRecord: 20.2ms)


Started GET "/articles/3" for 127.0.0.1 at 2018-10-08 01:37:37 +0300
Processing by ArticlesController#show as HTML
  Parameters: {"id"=>"3"}
  [1m[36mArticle Load (0.1ms)[0m  [1m[34mSELECT  "articles".* FROM "articles" WHERE "articles"."id" = ? LIMIT ?[0m  [["id", 3], ["LIMIT", 1]]
  ↳ app/controllers/articles_controller.rb:18
  Rendering articles/show.html.erb within layouts/application
  [1m[36mComment Load (0.1ms)[0m  [1m[34mSELECT "comments".* FROM "comments" WHERE "comments"."article_id" = ?[0m  [["article_id", 3]]
  ↳ app/views/articles/show.html.erb:13
  Rendered collection of comments/_comment.html.erb [1 times] (0.4ms)
  Rendered comments/_form.html.erb (2.0ms)
  Rendered articles/show.html.erb within layouts/application (6.0ms)
Completed 200 OK in 39ms (Views: 36.9ms | ActiveRecord: 0.2ms)


Started POST "/articles/3/comments" for 127.0.0.1 at 2018-10-08 01:37:39 +0300
Processing by CommentsController#create as HTML
  Parameters: {"utf8"=>"✓", "authenticity_token"=>"rkU99GpQwSonB0u/VkcMxWxmVW8JLLxt6sSM7BAhoC0kdyogvk2gDH5MQ2UCCesZ4dzPmGc1Iz1HmOJY2e6t0g==", "comment"=>{"commenter"=>"dasdadadadada", "body"=>""}, "commit"=>"Create Comment", "article_id"=>"3"}
  [1m[36mArticle Load (0.1ms)[0m  [1m[34mSELECT  "articles".* FROM "articles" WHERE "articles"."id" = ? LIMIT ?[0m  [["id", 3], ["LIMIT", 1]]
  ↳ app/controllers/comments_controller.rb:3
  [1m[35m (0.1ms)[0m  [1m[36mbegin transaction[0m
  ↳ app/controllers/comments_controller.rb:4
  [1m[36mComment Create (4.4ms)[0m  [1m[32mINSERT INTO "comments" ("commenter", "body", "article_id", "created_at", "updated_at") VALUES (?, ?, ?, ?, ?)[0m  [["commenter", "dasdadadadada"], ["body", ""], ["article_id", 3], ["created_at", "2018-10-07 22:37:39.656437"], ["updated_at", "2018-10-07 22:37:39.656437"]]
  ↳ app/controllers/comments_controller.rb:4
  [1m[35m (7.2ms)[0m  [1m[36mcommit transaction[0m
  ↳ app/controllers/comments_controller.rb:4
Redirected to http://localhost:3000/articles/3
Completed 302 Found in 16ms (ActiveRecord: 11.7ms)


Started GET "/articles/3" for 127.0.0.1 at 2018-10-08 01:37:39 +0300
Processing by ArticlesController#show as HTML
  Parameters: {"id"=>"3"}
  [1m[36mArticle Load (0.1ms)[0m  [1m[34mSELECT  "articles".* FROM "articles" WHERE "articles"."id" = ? LIMIT ?[0m  [["id", 3], ["LIMIT", 1]]
  ↳ app/controllers/articles_controller.rb:18
  Rendering articles/show.html.erb within layouts/application
  [1m[36mComment Load (0.1ms)[0m  [1m[34mSELECT "comments".* FROM "comments" WHERE "comments"."article_id" = ?[0m  [["article_id", 3]]
  ↳ app/views/articles/show.html.erb:13
  Rendered collection of comments/_comment.html.erb [2 times] (0.5ms)
  Rendered comments/_form.html.erb (2.0ms)
  Rendered articles/show.html.erb within layouts/application (6.1ms)
Completed 200 OK in 32ms (Views: 30.5ms | ActiveRecord: 0.2ms)


Started POST "/articles/3/comments" for 127.0.0.1 at 2018-10-08 01:37:43 +0300
Processing by CommentsController#create as HTML
  Parameters: {"utf8"=>"✓", "authenticity_token"=>"4KoohkmPUl6S/7f7dgUW5svV/FIKF/KzXk6GE1pMnRxqmD9SnZIzeMu0vyEiS/E6Rm9mpWQObePzEuink4OQ4w==", "comment"=>{"commenter"=>"<<<<<<<<<<<<<", "body"=>"<<<<<<<<<<"}, "commit"=>"Create Comment", "article_id"=>"3"}
  [1m[36mArticle Load (0.1ms)[0m  [1m[34mSELECT  "articles".* FROM "articles" WHERE "articles"."id" = ? LIMIT ?[0m  [["id", 3], ["LIMIT", 1]]
  ↳ app/controllers/comments_controller.rb:3
  [1m[35m (0.1ms)[0m  [1m[36mbegin transaction[0m
  ↳ app/controllers/comments_controller.rb:4
  [1m[36mComment Create (2.9ms)[0m  [1m[32mINSERT INTO "comments" ("commenter", "body", "article_id", "created_at", "updated_at") VALUES (?, ?, ?, ?, ?)[0m  [["commenter", "<<<<<<<<<<<<<"], ["body", "<<<<<<<<<<"], ["article_id", 3], ["created_at", "2018-10-07 22:37:43.794440"], ["updated_at", "2018-10-07 22:37:43.794440"]]
  ↳ app/controllers/comments_controller.rb:4
  [1m[35m (3.2ms)[0m  [1m[36mcommit transaction[0m
  ↳ app/controllers/comments_controller.rb:4
Redirected to http://localhost:3000/articles/3
Completed 302 Found in 15ms (ActiveRecord: 6.2ms)


Started GET "/articles/3" for 127.0.0.1 at 2018-10-08 01:37:43 +0300
Processing by ArticlesController#show as HTML
  Parameters: {"id"=>"3"}
  [1m[36mArticle Load (0.1ms)[0m  [1m[34mSELECT  "articles".* FROM "articles" WHERE "articles"."id" = ? LIMIT ?[0m  [["id", 3], ["LIMIT", 1]]
  ↳ app/controllers/articles_controller.rb:18
  Rendering articles/show.html.erb within layouts/application
  [1m[36mComment Load (0.1ms)[0m  [1m[34mSELECT "comments".* FROM "comments" WHERE "comments"."article_id" = ?[0m  [["article_id", 3]]
  ↳ app/views/articles/show.html.erb:13
  Rendered collection of comments/_comment.html.erb [3 times] (0.4ms)
  Rendered comments/_form.html.erb (1.8ms)
  Rendered articles/show.html.erb within layouts/application (5.2ms)
Completed 200 OK in 34ms (Views: 31.8ms | ActiveRecord: 0.2ms)


Started GET "/articles/3" for 127.0.0.1 at 2018-10-08 01:38:38 +0300
Processing by ArticlesController#show as HTML
  Parameters: {"id"=>"3"}
  [1m[36mArticle Load (0.1ms)[0m  [1m[34mSELECT  "articles".* FROM "articles" WHERE "articles"."id" = ? LIMIT ?[0m  [["id", 3], ["LIMIT", 1]]
  ↳ app/controllers/articles_controller.rb:18
  Rendering articles/show.html.erb within layouts/application
  [1m[36mComment Load (0.2ms)[0m  [1m[34mSELECT "comments".* FROM "comments" WHERE "comments"."article_id" = ?[0m  [["article_id", 3]]
  ↳ app/views/articles/show.html.erb:13
  Rendered collection of comments/_comment.html.erb [3 times] (2.1ms)
  Rendered comments/_form.html.erb (2.6ms)
  Rendered articles/show.html.erb within layouts/application (17.2ms)
Completed 200 OK in 45ms (Views: 33.7ms | ActiveRecord: 1.6ms)


Started DELETE "/articles/3/comments/3" for 127.0.0.1 at 2018-10-08 01:38:41 +0300
Processing by CommentsController#destroy as HTML
  Parameters: {"authenticity_token"=>"O97mw8vIrTWsQ3nlFTTR0jHWsPtbKT/wMAQn79QEciWx7PEXH9XME/UIcT9BejYOvGwqDDUwoKCdWElbHct/2g==", "article_id"=>"3", "id"=>"3"}
  [1m[36mArticle Load (0.1ms)[0m  [1m[34mSELECT  "articles".* FROM "articles" WHERE "articles"."id" = ? LIMIT ?[0m  [["id", 3], ["LIMIT", 1]]
  ↳ app/controllers/comments_controller.rb:9
  [1m[36mComment Load (0.2ms)[0m  [1m[34mSELECT  "comments".* FROM "comments" WHERE "comments"."article_id" = ? AND "comments"."id" = ? LIMIT ?[0m  [["article_id", 3], ["id", 3], ["LIMIT", 1]]
  ↳ app/controllers/comments_controller.rb:10
  [1m[35m (0.0ms)[0m  [1m[36mbegin transaction[0m
  ↳ app/controllers/comments_controller.rb:11
  [1m[36mComment Destroy (1.3ms)[0m  [1m[31mDELETE FROM "comments" WHERE "comments"."id" = ?[0m  [["id", 3]]
  ↳ app/controllers/comments_controller.rb:11
  [1m[35m (14.7ms)[0m  [1m[36mcommit transaction[0m
  ↳ app/controllers/comments_controller.rb:11
Redirected to http://localhost:3000/articles/3
Completed 302 Found in 21ms (ActiveRecord: 16.3ms)


Started GET "/articles/3" for 127.0.0.1 at 2018-10-08 01:38:41 +0300
Processing by ArticlesController#show as HTML
  Parameters: {"id"=>"3"}
  [1m[36mArticle Load (0.2ms)[0m  [1m[34mSELECT  "articles".* FROM "articles" WHERE "articles"."id" = ? LIMIT ?[0m  [["id", 3], ["LIMIT", 1]]
  ↳ app/controllers/articles_controller.rb:18
  Rendering articles/show.html.erb within layouts/application
  [1m[36mComment Load (0.1ms)[0m  [1m[34mSELECT "comments".* FROM "comments" WHERE "comments"."article_id" = ?[0m  [["article_id", 3]]
  ↳ app/views/articles/show.html.erb:13
  Rendered collection of comments/_comment.html.erb [2 times] (1.1ms)
  Rendered comments/_form.html.erb (1.9ms)
  Rendered articles/show.html.erb within layouts/application (6.5ms)
Completed 200 OK in 26ms (Views: 23.7ms | ActiveRecord: 0.3ms)


Started GET "/articles/3" for 127.0.0.1 at 2018-10-08 01:41:35 +0300
Processing by ArticlesController#show as HTML
  Parameters: {"id"=>"3"}
  [1m[36mArticle Load (0.1ms)[0m  [1m[34mSELECT  "articles".* FROM "articles" WHERE "articles"."id" = ? LIMIT ?[0m  [["id", 3], ["LIMIT", 1]]
  ↳ app/controllers/articles_controller.rb:24
  Rendering articles/show.html.erb within layouts/application
  [1m[36mComment Load (0.3ms)[0m  [1m[34mSELECT "comments".* FROM "comments" WHERE "comments"."article_id" = ?[0m  [["article_id", 3]]
  ↳ app/views/articles/show.html.erb:13
  Rendered collection of comments/_comment.html.erb [2 times] (1.2ms)
  Rendered comments/_form.html.erb (2.3ms)
  Rendered articles/show.html.erb within layouts/application (18.5ms)
Completed 200 OK in 72ms (Views: 61.1ms | ActiveRecord: 2.0ms)


Started GET "/articles" for 127.0.0.1 at 2018-10-08 01:41:37 +0300
Processing by ArticlesController#index as HTML
  Rendering articles/index.html.erb within layouts/application
  [1m[36mArticle Load (0.2ms)[0m  [1m[34mSELECT "articles".* FROM "articles"[0m
  ↳ app/views/articles/index.html.erb:12
  Rendered articles/index.html.erb within layouts/application (4.5ms)
Completed 200 OK in 24ms (Views: 22.9ms | ActiveRecord: 0.2ms)


Started GET "/articles/1" for 127.0.0.1 at 2018-10-08 01:41:38 +0300
Processing by ArticlesController#show as HTML
  Parameters: {"id"=>"1"}
  [1m[36mArticle Load (0.1ms)[0m  [1m[34mSELECT  "articles".* FROM "articles" WHERE "articles"."id" = ? LIMIT ?[0m  [["id", 1], ["LIMIT", 1]]
  ↳ app/controllers/articles_controller.rb:24
  Rendering articles/show.html.erb within layouts/application
  [1m[36mComment Load (0.2ms)[0m  [1m[34mSELECT "comments".* FROM "comments" WHERE "comments"."article_id" = ?[0m  [["article_id", 1]]
  ↳ app/views/articles/show.html.erb:13
  Rendered collection of comments/_comment.html.erb [2 times] (1.1ms)
  Rendered comments/_form.html.erb (2.0ms)
  Rendered articles/show.html.erb within layouts/application (7.0ms)
Completed 200 OK in 28ms (Views: 25.5ms | ActiveRecord: 0.3ms)


Started GET "/articles" for 127.0.0.1 at 2018-10-08 01:41:49 +0300
Processing by ArticlesController#index as HTML
  Rendering articles/index.html.erb within layouts/application
  [1m[36mArticle Load (0.3ms)[0m  [1m[34mSELECT "articles".* FROM "articles"[0m
  ↳ app/views/articles/index.html.erb:12
  Rendered articles/index.html.erb within layouts/application (2.6ms)
Completed 200 OK in 57ms (Views: 55.7ms | ActiveRecord: 0.3ms)


Started GET "/articles/new" for 127.0.0.1 at 2018-10-08 01:41:51 +0300
Processing by ArticlesController#new as HTML
Filter chain halted as #<Proc:0x00007f027e632e50@/var/lib/gems/2.5.0/gems/actionpack-5.2.1/lib/action_controller/metal/http_authentication.rb:72> rendered or redirected
Completed 401 Unauthorized in 0ms (ActiveRecord: 0.0ms)


Started GET "/articles/new" for 127.0.0.1 at 2018-10-08 01:42:00 +0300
Processing by ArticlesController#new as HTML
  Rendering articles/new.html.erb within layouts/application
  Rendered articles/_form.html.erb (2.0ms)
  Rendered articles/new.html.erb within layouts/application (3.3ms)
Completed 200 OK in 32ms (Views: 30.4ms | ActiveRecord: 0.0ms)


Started POST "/articles" for 127.0.0.1 at 2018-10-08 01:42:04 +0300
Processing by ArticlesController#create as HTML
  Parameters: {"utf8"=>"✓", "authenticity_token"=>"lAVsZaOEqzuyozROpG0DNgGd5dApYmtJZH8s83592UXMWw3xX0Hs81JPlpAOXybszvSjfHv5aGBOKYYxEqo4Cg==", "article"=>{"title"=>"asdasdasdasdasd", "text"=>"asdadadadadad"}, "commit"=>"Create Article"}
Filter chain halted as #<Proc:0x00007f027e632e50@/var/lib/gems/2.5.0/gems/actionpack-5.2.1/lib/action_controller/metal/http_authentication.rb:72> rendered or redirected
Completed 401 Unauthorized in 1ms (ActiveRecord: 0.0ms)


Started POST "/articles" for 127.0.0.1 at 2018-10-08 01:42:04 +0300
Processing by ArticlesController#create as HTML
  Parameters: {"utf8"=>"✓", "authenticity_token"=>"lAVsZaOEqzuyozROpG0DNgGd5dApYmtJZH8s83592UXMWw3xX0Hs81JPlpAOXybszvSjfHv5aGBOKYYxEqo4Cg==", "article"=>{"title"=>"asdasdasdasdasd", "text"=>"asdadadadadad"}, "commit"=>"Create Article"}
  [1m[35m (0.0ms)[0m  [1m[36mbegin transaction[0m
  ↳ app/controllers/articles_controller.rb:34
  [1m[36mArticle Create (1.1ms)[0m  [1m[32mINSERT INTO "articles" ("title", "text", "created_at", "updated_at") VALUES (?, ?, ?, ?)[0m  [["title", "asdasdasdasdasd"], ["text", "asdadadadadad"], ["created_at", "2018-10-07 22:42:04.466901"], ["updated_at", "2018-10-07 22:42:04.466901"]]
  ↳ app/controllers/articles_controller.rb:34
  [1m[35m (3.5ms)[0m  [1m[36mcommit transaction[0m
  ↳ app/controllers/articles_controller.rb:34
Redirected to http://localhost:3000/articles/4
Completed 302 Found in 9ms (ActiveRecord: 4.7ms)


Started GET "/articles/4" for 127.0.0.1 at 2018-10-08 01:42:04 +0300
Processing by ArticlesController#show as HTML
  Parameters: {"id"=>"4"}
  [1m[36mArticle Load (0.1ms)[0m  [1m[34mSELECT  "articles".* FROM "articles" WHERE "articles"."id" = ? LIMIT ?[0m  [["id", 4], ["LIMIT", 1]]
  ↳ app/controllers/articles_controller.rb:24
  Rendering articles/show.html.erb within layouts/application
  [1m[36mComment Load (0.1ms)[0m  [1m[34mSELECT "comments".* FROM "comments" WHERE "comments"."article_id" = ?[0m  [["article_id", 4]]
  ↳ app/views/articles/show.html.erb:13
  Rendered collection of templates [0 times] (0.0ms)
  Rendered comments/_form.html.erb (2.2ms)
  Rendered articles/show.html.erb within layouts/application (5.1ms)
Completed 200 OK in 37ms (Views: 35.5ms | ActiveRecord: 0.2ms)


Started GET "/articles" for 127.0.0.1 at 2018-10-08 01:42:08 +0300
Processing by ArticlesController#index as HTML
  Rendering articles/index.html.erb within layouts/application
  [1m[36mArticle Load (0.2ms)[0m  [1m[34mSELECT "articles".* FROM "articles"[0m
  ↳ app/views/articles/index.html.erb:12
  Rendered articles/index.html.erb within layouts/application (3.7ms)
Completed 200 OK in 26ms (Views: 24.2ms | ActiveRecord: 0.2ms)


Started GET "/articles" for 127.0.0.1 at 2018-10-08 01:42:11 +0300
Processing by ArticlesController#index as HTML
  Rendering articles/index.html.erb within layouts/application
  [1m[36mArticle Load (0.2ms)[0m  [1m[34mSELECT "articles".* FROM "articles"[0m
  ↳ app/views/articles/index.html.erb:12
  Rendered articles/index.html.erb within layouts/application (2.6ms)
Completed 200 OK in 24ms (Views: 22.2ms | ActiveRecord: 0.2ms)


